#
# There is insufficient memory for the Java Runtime Environment to continue.
# Native memory allocation (malloc) failed to allocate 124432 bytes for Chunk::new
# Possible reasons:
#   The system is out of physical RAM or swap space
#   The process is running with CompressedOops enabled, and the Java Heap may be blocking the growth of the native heap
# Possible solutions:
#   Reduce memory load on the system
#   Increase physical memory or swap space
#   Check if swap backing store is full
#   Decrease Java heap size (-Xmx/-Xms)
#   Decrease number of Java threads
#   Decrease Java thread stack sizes (-Xss)
#   Set larger code cache with -XX:ReservedCodeCacheSize=
#   JVM is running with Unscaled Compressed Oops mode in which the Java heap is
#     placed in the first 4GB address space. The Java Heap base address is the
#     maximum limit for the native heap growth. Please use -XX:HeapBaseMinAddress
#     to set the Java Heap base and to place the Java Heap above 4GB virtual address.
# This output file may be truncated or incomplete.
#
#  Out of Memory Error (arena.cpp:184), pid=41256, tid=18592
#
# JRE version: OpenJDK Runtime Environment Temurin-19.0.2+7 (19.0.2+7) (build 19.0.2+7)
# Java VM: OpenJDK 64-Bit Server VM Temurin-19.0.2+7 (19.0.2+7, mixed mode, tiered, compressed oops, compressed class ptrs, g1 gc, windows-amd64)
# No core dump will be written. Minidumps are not enabled by default on client versions of Windows
#

---------------  S U M M A R Y ------------

Command Line: -Dfile.encoding=UTF-8 -XX:+ShowCodeDetailsInExceptionMessages locator.Luminox_register

Host: Intel(R) Core(TM) i5-1035G1 CPU @ 1.00GHz, 8 cores, 7G,  Windows 11 , 64 bit Build 22000 (10.0.22000.1335)
Time: Mon Mar 20 11:45:29 2023 India Standard Time elapsed time: 7.604659 seconds (0d 0h 0m 7s)

---------------  T H R E A D  ---------------

Current thread (0x000001a2d545b7f0):  JavaThread "C2 CompilerThread0" daemon [_thread_in_native, id=18592, stack(0x00000061fa200000,0x00000061fa300000)]


Current CompileTask:
C2:   7604 1605   !   4       java.util.concurrent.ConcurrentHashMap::transfer (849 bytes)

Stack: [0x00000061fa200000,0x00000061fa300000]
Native frames: (J=compiled Java code, j=interpreted, Vv=VM code, C=native code)
V  [jvm.dll+0x6e9e1a]
V  [jvm.dll+0x8a36c0]
V  [jvm.dll+0x8a50ae]
V  [jvm.dll+0x8a5763]
V  [jvm.dll+0x27bcdf]
V  [jvm.dll+0xc221f]
V  [jvm.dll+0xc2595]
V  [jvm.dll+0x141fef]
V  [jvm.dll+0x67af05]
V  [jvm.dll+0x679574]
V  [jvm.dll+0x245158]
V  [jvm.dll+0x244671]
V  [jvm.dll+0x1cf4b1]
V  [jvm.dll+0x254229]
V  [jvm.dll+0x252418]
V  [jvm.dll+0x85403d]
V  [jvm.dll+0x84de3a]
V  [jvm.dll+0x6e8abb]
C  [ucrtbase.dll+0x26c0c]
C  [KERNEL32.DLL+0x155a0]
C  [ntdll.dll+0x485b]


---------------  P R O C E S S  ---------------

Threads class SMR info:
_java_thread_list=0x000001a2d688f8e0, length=22, elements={
0x000001a2b704df10, 0x000001a2d544c3a0, 0x000001a2d544ece0, 0x000001a2d544f700,
0x000001a2d5452330, 0x000001a2d5452c60, 0x000001a2d5483400, 0x000001a2d545b7f0,
0x000001a2d548ec00, 0x000001a2d54933f0, 0x000001a2d5607180, 0x000001a2d5620010,
0x000001a2d5db5260, 0x000001a2d5db4850, 0x000001a2d67fee00, 0x000001a2d66db4a0,
0x000001a2d67c7020, 0x000001a2d68204a0, 0x000001a2d681b670, 0x000001a2d6822fb0,
0x000001a2d6822a60, 0x000001a2d6823fa0
}

Java Threads: ( => current thread )
  0x000001a2b704df10 JavaThread "Forwarding newSession on session null to remote" [_thread_in_vm, id=46496, stack(0x00000061f9500000,0x00000061f9600000)]
  0x000001a2d544c3a0 JavaThread "Reference Handler" daemon [_thread_blocked, id=15132, stack(0x00000061f9c00000,0x00000061f9d00000)]
  0x000001a2d544ece0 JavaThread "Finalizer" daemon [_thread_blocked, id=15664, stack(0x00000061f9d00000,0x00000061f9e00000)]
  0x000001a2d544f700 JavaThread "Signal Dispatcher" daemon [_thread_blocked, id=17540, stack(0x00000061f9e00000,0x00000061f9f00000)]
  0x000001a2d5452330 JavaThread "Attach Listener" daemon [_thread_blocked, id=33072, stack(0x00000061f9f00000,0x00000061fa000000)]
  0x000001a2d5452c60 JavaThread "Service Thread" daemon [_thread_blocked, id=38284, stack(0x00000061fa000000,0x00000061fa100000)]
  0x000001a2d5483400 JavaThread "Monitor Deflation Thread" daemon [_thread_blocked, id=44220, stack(0x00000061fa100000,0x00000061fa200000)]
=>0x000001a2d545b7f0 JavaThread "C2 CompilerThread0" daemon [_thread_in_native, id=18592, stack(0x00000061fa200000,0x00000061fa300000)]
  0x000001a2d548ec00 JavaThread "C1 CompilerThread0" daemon [_thread_blocked, id=34652, stack(0x00000061fa300000,0x00000061fa400000)]
  0x000001a2d54933f0 JavaThread "Sweeper thread" daemon [_thread_blocked, id=44540, stack(0x00000061fa400000,0x00000061fa500000)]
  0x000001a2d5607180 JavaThread "Notification Thread" daemon [_thread_blocked, id=3028, stack(0x00000061fa500000,0x00000061fa600000)]
  0x000001a2d5620010 JavaThread "Common-Cleaner" daemon [_thread_blocked, id=35628, stack(0x00000061fa700000,0x00000061fa800000)]
  0x000001a2d5db5260 JavaThread "ForkJoinPool.commonPool-worker-1" daemon [_thread_blocked, id=41628, stack(0x00000061fa800000,0x00000061fa900000)]
  0x000001a2d5db4850 JavaThread "AsyncHttpClient-1-1" daemon [_thread_blocked, id=9472, stack(0x00000061fa900000,0x00000061faa00000)]
  0x000001a2d67fee00 JavaThread "Exec Default Executor" daemon [_thread_in_native, id=42348, stack(0x00000061faa00000,0x00000061fab00000)]
  0x000001a2d66db4a0 JavaThread "Exec Stream Pumper" daemon [_thread_in_native, id=44188, stack(0x00000061fb200000,0x00000061fb300000)]
  0x000001a2d67c7020 JavaThread "Exec Stream Pumper" daemon [_thread_in_native, id=43620, stack(0x00000061fb300000,0x00000061fb400000)]
  0x000001a2d68204a0 JavaThread "Driver Service Executor" daemon [_thread_blocked, id=45744, stack(0x00000061fb400000,0x00000061fb500000)]
  0x000001a2d681b670 JavaThread "Driver Service Executor" daemon [_thread_blocked, id=28348, stack(0x00000061fb500000,0x00000061fb600000)]
  0x000001a2d6822fb0 JavaThread "UrlChecker-2" daemon [_thread_blocked, id=42316, stack(0x00000061fb600000,0x00000061fb700000)]
  0x000001a2d6822a60 JavaThread "Keep-Alive-Timer" daemon [_thread_blocked, id=34848, stack(0x00000061fb800000,0x00000061fb900000)]
  0x000001a2d6823fa0 JavaThread "AsyncHttpClient-1-2" daemon [_thread_in_native, id=42960, stack(0x00000061fba00000,0x00000061fbb00000)]

Other Threads:
  0x000001a2d540ae00 VMThread "VM Thread" [stack: 0x00000061f9b00000,0x00000061f9c00000] [id=19068]
  0x000001a2d56096d0 WatcherThread "VM Periodic Task Thread" [stack: 0x00000061fa600000,0x00000061fa700000] [id=42144]
  0x000001a2b70ae830 WorkerThread "GC Thread#0" [stack: 0x00000061f9600000,0x00000061f9700000] [id=19896]
  0x000001a2d66ad880 WorkerThread "GC Thread#1" [stack: 0x00000061fab00000,0x00000061fac00000] [id=20320]
  0x000001a2d66adb50 WorkerThread "GC Thread#2" [stack: 0x00000061fac00000,0x00000061fad00000] [id=38624]
  0x000001a2d66c24c0 WorkerThread "GC Thread#3" [stack: 0x00000061fad00000,0x00000061fae00000] [id=39568]
  0x000001a2d66c3870 WorkerThread "GC Thread#4" [stack: 0x00000061fae00000,0x00000061faf00000] [id=43260]
  0x000001a2d66c3b40 WorkerThread "GC Thread#5" [stack: 0x00000061faf00000,0x00000061fb000000] [id=20484]
  0x000001a2d66c2790 WorkerThread "GC Thread#6" [stack: 0x00000061fb000000,0x00000061fb100000] [id=45776]
  0x000001a2d66c1f20 WorkerThread "GC Thread#7" [stack: 0x00000061fb100000,0x00000061fb200000] [id=8088]
  0x000001a2b70bfb70 ConcurrentGCThread "G1 Main Marker" [stack: 0x00000061f9700000,0x00000061f9800000] [id=43164]
  0x000001a2b70c05a0 WorkerThread "G1 Conc#0" [stack: 0x00000061f9800000,0x00000061f9900000] [id=16800]
  0x000001a2d66c21f0 WorkerThread "G1 Conc#1" [stack: 0x00000061fb900000,0x00000061fba00000] [id=6032]
  0x000001a2d0f87500 ConcurrentGCThread "G1 Refine#0" [stack: 0x00000061f9900000,0x00000061f9a00000] [id=42748]
  0x000001a2b710e690 ConcurrentGCThread "G1 Service" [stack: 0x00000061f9a00000,0x00000061f9b00000] [id=34192]

Threads with active compile tasks:
C2 CompilerThread0     7634 1605   !   4       java.util.concurrent.ConcurrentHashMap::transfer (849 bytes)

VM state: not at safepoint (normal execution)

VM Mutex/Monitor currently owned by a thread: None

Heap address: 0x0000000083600000, size: 1994 MB, Compressed Oops mode: 32-bit

CDS archive(s) not mapped
Compressed class space mapped at: 0x0000000100000000-0x0000000140000000, reserved size: 1073741824
Narrow klass base: 0x0000000000000000, Narrow klass shift: 3, Narrow klass range: 0x140000000

GC Precious Log:
 CardTable entry size: 512
 Card Set container configuration: InlinePtr #cards 5 size 8 Array Of Cards #cards 12 size 40 Howl #buckets 4 coarsen threshold 1843 Howl Bitmap #cards 512 size 80 coarsen threshold 460 Card regions per heap region 1 cards per card region 2048
 CPUs: 8 total, 8 available
 Memory: 7969M
 Large Page Support: Disabled
 NUMA Support: Disabled
 Compressed Oops: Enabled (32-bit)
 Heap Region Size: 1M
 Heap Min Capacity: 8M
 Heap Initial Capacity: 126M
 Heap Max Capacity: 1994M
 Pre-touch: Disabled
 Parallel Workers: 8
 Concurrent Workers: 2
 Concurrent Refinement Workers: 8
 Periodic GC: Disabled

Heap:
 garbage-first heap   total 34816K, used 24970K [0x0000000083600000, 0x0000000100000000)
  region size 1024K, 14 young (14336K), 2 survivors (2048K)
 Metaspace       used 24807K, committed 25024K, reserved 1114112K
  class space    used 2623K, committed 2752K, reserved 1048576K

Heap Regions: E=young(eden), S=young(survivor), O=old, HS=humongous(starts), HC=humongous(continues), CS=collection set, F=free, OA=open archive, CA=closed archive, TAMS=top-at-mark-start (previous, next)
|   0|0x0000000083600000, 0x0000000083700000, 0x0000000083700000|100%| O|  |TAMS 0x0000000083700000, 0x0000000083600000| Complete 
|   1|0x0000000083700000, 0x0000000083800000, 0x0000000083800000|100%| O|  |TAMS 0x0000000083800000, 0x0000000083700000| Untracked 
|   2|0x0000000083800000, 0x0000000083900000, 0x0000000083900000|100%| O|  |TAMS 0x0000000083900000, 0x0000000083800000| Untracked 
|   3|0x0000000083900000, 0x0000000083a00000, 0x0000000083a00000|100%| O|  |TAMS 0x0000000083a00000, 0x0000000083900000| Untracked 
|   4|0x0000000083a00000, 0x0000000083b00000, 0x0000000083b00000|100%| O|  |TAMS 0x0000000083a20000, 0x0000000083a00000| Untracked 
|   5|0x0000000083b00000, 0x0000000083c00000, 0x0000000083c00000|100%| O|  |TAMS 0x0000000083b00000, 0x0000000083b00000| Untracked 
|   6|0x0000000083c00000, 0x0000000083cc1400, 0x0000000083d00000| 75%| O|  |TAMS 0x0000000083c00000, 0x0000000083c00000| Untracked 
|   7|0x0000000083d00000, 0x0000000083e00000, 0x0000000083e00000|100%|HS|  |TAMS 0x0000000083d00000, 0x0000000083d00000| Complete 
|   8|0x0000000083e00000, 0x0000000083f00000, 0x0000000083f00000|100%|HC|  |TAMS 0x0000000083e00000, 0x0000000083e00000| Complete 
|   9|0x0000000083f00000, 0x0000000084000000, 0x0000000084000000|100%|HC|  |TAMS 0x0000000083f00000, 0x0000000083f00000| Complete 
|  10|0x0000000084000000, 0x0000000084100000, 0x0000000084100000|100%|HC|  |TAMS 0x0000000084000000, 0x0000000084000000| Complete 
|  11|0x0000000084100000, 0x0000000084200000, 0x0000000084200000|100%|HC|  |TAMS 0x0000000084100000, 0x0000000084100000| Complete 
|  12|0x0000000084200000, 0x0000000084200000, 0x0000000084300000|  0%| F|  |TAMS 0x0000000084200000, 0x0000000084200000| Untracked 
|  13|0x0000000084300000, 0x0000000084300000, 0x0000000084400000|  0%| F|  |TAMS 0x0000000084300000, 0x0000000084300000| Untracked 
|  14|0x0000000084400000, 0x0000000084400000, 0x0000000084500000|  0%| F|  |TAMS 0x0000000084400000, 0x0000000084400000| Untracked 
|  15|0x0000000084500000, 0x0000000084500000, 0x0000000084600000|  0%| F|  |TAMS 0x0000000084500000, 0x0000000084500000| Untracked 
|  16|0x0000000084600000, 0x0000000084600000, 0x0000000084700000|  0%| F|  |TAMS 0x0000000084600000, 0x0000000084600000| Untracked 
|  17|0x0000000084700000, 0x0000000084700000, 0x0000000084800000|  0%| F|  |TAMS 0x0000000084700000, 0x0000000084700000| Untracked 
|  18|0x0000000084800000, 0x0000000084800000, 0x0000000084900000|  0%| F|  |TAMS 0x0000000084800000, 0x0000000084800000| Untracked 
|  19|0x0000000084900000, 0x0000000084900000, 0x0000000084a00000|  0%| F|  |TAMS 0x0000000084900000, 0x0000000084900000| Untracked 
|  20|0x0000000084a00000, 0x0000000084a425d0, 0x0000000084b00000| 25%| E|  |TAMS 0x0000000084a00000, 0x0000000084a00000| Complete 
|  21|0x0000000084b00000, 0x0000000084c00000, 0x0000000084c00000|100%| E|CS|TAMS 0x0000000084b00000, 0x0000000084b00000| Complete 
|  22|0x0000000084c00000, 0x0000000084d00000, 0x0000000084d00000|100%| E|CS|TAMS 0x0000000084c00000, 0x0000000084c00000| Complete 
|  23|0x0000000084d00000, 0x0000000084e00000, 0x0000000084e00000|100%| E|CS|TAMS 0x0000000084d00000, 0x0000000084d00000| Complete 
|  24|0x0000000084e00000, 0x0000000084f00000, 0x0000000084f00000|100%| E|CS|TAMS 0x0000000084e00000, 0x0000000084e00000| Complete 
|  25|0x0000000084f00000, 0x0000000085000000, 0x0000000085000000|100%| E|CS|TAMS 0x0000000084f00000, 0x0000000084f00000| Complete 
|  26|0x0000000085000000, 0x0000000085100000, 0x0000000085100000|100%| E|CS|TAMS 0x0000000085000000, 0x0000000085000000| Complete 
|  27|0x0000000085100000, 0x0000000085200000, 0x0000000085200000|100%| E|CS|TAMS 0x0000000085100000, 0x0000000085100000| Complete 
|  28|0x0000000085200000, 0x0000000085300000, 0x0000000085300000|100%| E|CS|TAMS 0x0000000085200000, 0x0000000085200000| Complete 
|  29|0x0000000085300000, 0x0000000085400000, 0x0000000085400000|100%| E|CS|TAMS 0x0000000085300000, 0x0000000085300000| Complete 
|  30|0x0000000085400000, 0x0000000085500000, 0x0000000085500000|100%| E|CS|TAMS 0x0000000085400000, 0x0000000085400000| Complete 
| 113|0x000000008a700000, 0x000000008a7a1658, 0x000000008a800000| 63%| S|CS|TAMS 0x000000008a700000, 0x000000008a700000| Complete 
| 114|0x000000008a800000, 0x000000008a900000, 0x000000008a900000|100%| S|CS|TAMS 0x000000008a800000, 0x000000008a800000| Complete 
| 125|0x000000008b300000, 0x000000008b400000, 0x000000008b400000|100%| E|CS|TAMS 0x000000008b300000, 0x000000008b300000| Complete 

Card table byte_map: [0x000001a2ca080000,0x000001a2ca470000] _byte_map_base: 0x000001a2c9c65000

Marking Bits (Prev, Next): (CMBitMap*) 0x000001a2b70aeea0, (CMBitMap*) 0x000001a2b70aee60
 Prev Bits: [0x000001a2cc790000, 0x000001a2ce6b8000)
 Next Bits: [0x000001a2ca860000, 0x000001a2cc788000)

Polling page: 0x000001a2b4fa0000

Metaspace:

Usage:
  Non-class:     21.66 MB used.
      Class:      2.56 MB used.
       Both:     24.23 MB used.

Virtual space:
  Non-class space:       64.00 MB reserved,      21.75 MB ( 34%) committed,  1 nodes.
      Class space:        1.00 GB reserved,       2.69 MB ( <1%) committed,  1 nodes.
             Both:        1.06 GB reserved,      24.44 MB (  2%) committed. 

Chunk freelists:
   Non-Class:  2.14 MB
       Class:  1.23 MB
        Both:  3.38 MB

MaxMetaspaceSize: unlimited
CompressedClassSpaceSize: 1.00 GB
Initial GC threshold: 21.00 MB
Current GC threshold: 35.12 MB
CDS: off
MetaspaceReclaimPolicy: balanced
 - commit_granule_bytes: 65536.
 - commit_granule_words: 8192.
 - virtual_space_node_default_size: 8388608.
 - enlarge_chunks_in_place: 1.
 - new_chunks_are_fully_committed: 0.
 - uncommit_free_chunks: 1.
 - use_allocation_guard: 0.


Internal statistics:

num_allocs_failed_limit: 3.
num_arena_births: 114.
num_arena_deaths: 0.
num_vsnodes_births: 2.
num_vsnodes_deaths: 0.
num_space_committed: 391.
num_space_uncommitted: 0.
num_chunks_returned_to_freelist: 3.
num_chunks_taken_from_freelist: 492.
num_chunk_merges: 3.
num_chunk_splits: 341.
num_chunks_enlarged: 276.
num_inconsistent_stats: 0.

CodeHeap 'non-profiled nmethods': size=120000Kb used=519Kb max_used=519Kb free=119480Kb
 bounds [0x000001a2c2430000, 0x000001a2c26a0000, 0x000001a2c9960000]
CodeHeap 'profiled nmethods': size=120000Kb used=2986Kb max_used=2986Kb free=117014Kb
 bounds [0x000001a2ba960000, 0x000001a2bac50000, 0x000001a2c1e90000]
CodeHeap 'non-nmethods': size=5760Kb used=1338Kb max_used=1351Kb free=4421Kb
 bounds [0x000001a2c1e90000, 0x000001a2c2100000, 0x000001a2c2430000]
 total_blobs=2156 nmethods=1609 adapters=458
 compilation: enabled
              stopped_count=0, restarted_count=0
 full_count=0

Compilation events (20 events):
Event: 3.441 Thread 0x000001a2d548ec00 nmethod 1594 0x000001a2bac43490 code [0x000001a2bac436c0, 0x000001a2bac43e78]
Event: 3.441 Thread 0x000001a2d548ec00 1595       1       java.lang.reflect.Method::getRoot (5 bytes)
Event: 3.441 Thread 0x000001a2d548ec00 nmethod 1595 0x000001a2c24aff10 code [0x000001a2c24b00a0, 0x000001a2c24b0158]
Event: 3.441 Thread 0x000001a2d548ec00 1596       3       jdk.internal.reflect.ReflectionFactory::copyMethod (11 bytes)
Event: 3.442 Thread 0x000001a2d548ec00 nmethod 1596 0x000001a2bac44090 code [0x000001a2bac44240, 0x000001a2bac44428]
Event: 3.443 Thread 0x000001a2d548ec00 1597       3       java.util.logging.LogManager$LoggerContext::requiresDefaultLoggers (29 bytes)
Event: 3.444 Thread 0x000001a2d548ec00 nmethod 1597 0x000001a2bac44590 code [0x000001a2bac44740, 0x000001a2bac44968]
Event: 3.445 Thread 0x000001a2d548ec00 1598       3       java.lang.PublicMethods$MethodList::filter (104 bytes)
Event: 3.447 Thread 0x000001a2d548ec00 nmethod 1598 0x000001a2bac44a90 code [0x000001a2bac44ce0, 0x000001a2bac456f8]
Event: 5.897 Thread 0x000001a2d548ec00 1600       1       jdk.internal.event.ThreadSleepEvent::isEnabled (2 bytes)
Event: 5.897 Thread 0x000001a2d548ec00 nmethod 1600 0x000001a2c24b0910 code [0x000001a2c24b0aa0, 0x000001a2c24b0b78]
Event: 6.103 Thread 0x000001a2d548ec00 1601       1       io.netty.util.HashedWheelTimer::access$200 (5 bytes)
Event: 6.104 Thread 0x000001a2d548ec00 nmethod 1601 0x000001a2c24b0c10 code [0x000001a2c24b0da0, 0x000001a2c24b0e58]
Event: 7.206 Thread 0x000001a2d548ec00 1602       1       io.netty.util.internal.shaded.org.jctools.queues.BaseMpscLinkedArrayQueueProducerFields::lvProducerIndex (5 bytes)
Event: 7.206 Thread 0x000001a2d548ec00 nmethod 1602 0x000001a2c24b0f10 code [0x000001a2c24b10a0, 0x000001a2c24b1178]
Event: 7.577 Thread 0x000001a2d545b7f0 1604       4       jdk.internal.misc.Unsafe::allocateUninitializedArray (55 bytes)
Event: 7.580 Thread 0x000001a2d545b7f0 nmethod 1604 0x000001a2c24b1610 code [0x000001a2c24b17a0, 0x000001a2c24b1958]
Event: 7.584 Thread 0x000001a2d545b7f0 1605   !   4       java.util.concurrent.ConcurrentHashMap::transfer (849 bytes)
Event: 7.588 Thread 0x000001a2d548ec00 1606       3       io.netty.util.AsciiString::<init> (131 bytes)
Event: 7.590 Thread 0x000001a2d548ec00 nmethod 1606 0x000001a2bac45b90 code [0x000001a2bac45ea0, 0x000001a2bac46e88]

GC Heap History (4 events):
Event: 2.365 GC heap before
{Heap before GC invocations=0 (full 0):
 garbage-first heap   total 129024K, used 22528K [0x0000000083600000, 0x0000000100000000)
  region size 1024K, 23 young (23552K), 0 survivors (0K)
 Metaspace       used 16921K, committed 17088K, reserved 1114112K
  class space    used 1618K, committed 1728K, reserved 1048576K
}
Event: 2.374 GC heap after
{Heap after GC invocations=1 (full 0):
 garbage-first heap   total 129024K, used 7296K [0x0000000083600000, 0x0000000100000000)
  region size 1024K, 3 young (3072K), 3 survivors (3072K)
 Metaspace       used 16921K, committed 17088K, reserved 1114112K
  class space    used 1618K, committed 1728K, reserved 1048576K
}
Event: 3.077 GC heap before
{Heap before GC invocations=1 (full 0):
 garbage-first heap   total 129024K, used 17536K [0x0000000083600000, 0x0000000100000000)
  region size 1024K, 14 young (14336K), 3 survivors (3072K)
 Metaspace       used 21346K, committed 21504K, reserved 1114112K
  class space    used 2116K, committed 2176K, reserved 1048576K
}
Event: 3.088 GC heap after
{Heap after GC invocations=2 (full 0):
 garbage-first heap   total 129024K, used 8586K [0x0000000083600000, 0x0000000100000000)
  region size 1024K, 2 young (2048K), 2 survivors (2048K)
 Metaspace       used 21346K, committed 21504K, reserved 1114112K
  class space    used 2116K, committed 2176K, reserved 1048576K
}

Dll operation events (11 events):
Event: 0.014 Loaded shared library C:\Users\Ruchika\.p2\pool\plugins\org.eclipse.justj.openjdk.hotspot.jre.full.win32.x86_64_19.0.2.v20230129-1123\jre\bin\java.dll
Event: 0.022 Loaded shared library C:\Users\Ruchika\.p2\pool\plugins\org.eclipse.justj.openjdk.hotspot.jre.full.win32.x86_64_19.0.2.v20230129-1123\jre\bin\zip.dll
Event: 0.208 Loaded shared library C:\Users\Ruchika\.p2\pool\plugins\org.eclipse.justj.openjdk.hotspot.jre.full.win32.x86_64_19.0.2.v20230129-1123\jre\bin\net.dll
Event: 0.215 Loaded shared library C:\Users\Ruchika\.p2\pool\plugins\org.eclipse.justj.openjdk.hotspot.jre.full.win32.x86_64_19.0.2.v20230129-1123\jre\bin\nio.dll
Event: 0.227 Loaded shared library C:\Users\Ruchika\.p2\pool\plugins\org.eclipse.justj.openjdk.hotspot.jre.full.win32.x86_64_19.0.2.v20230129-1123\jre\bin\zip.dll
Event: 0.437 Loaded shared library C:\Users\Ruchika\.p2\pool\plugins\org.eclipse.justj.openjdk.hotspot.jre.full.win32.x86_64_19.0.2.v20230129-1123\jre\bin\jimage.dll
Event: 0.508 Loaded shared library C:\Users\Ruchika\.p2\pool\plugins\org.eclipse.justj.openjdk.hotspot.jre.full.win32.x86_64_19.0.2.v20230129-1123\jre\bin\extnet.dll
Event: 2.031 Loaded shared library C:\Users\Ruchika\.p2\pool\plugins\org.eclipse.justj.openjdk.hotspot.jre.full.win32.x86_64_19.0.2.v20230129-1123\jre\bin\management.dll
Event: 2.040 Loaded shared library C:\Users\Ruchika\.p2\pool\plugins\org.eclipse.justj.openjdk.hotspot.jre.full.win32.x86_64_19.0.2.v20230129-1123\jre\bin\management_ext.dll
Event: 2.174 Loaded shared library C:\Users\Ruchika\.p2\pool\plugins\org.eclipse.justj.openjdk.hotspot.jre.full.win32.x86_64_19.0.2.v20230129-1123\jre\bin\sunmscapi.dll
Event: 2.853 Loaded shared library C:\Users\Ruchika\.p2\pool\plugins\org.eclipse.justj.openjdk.hotspot.jre.full.win32.x86_64_19.0.2.v20230129-1123\jre\bin\verify.dll

Deoptimization events (20 events):
Event: 3.408 Thread 0x000001a2d6823fa0 DEOPT PACKING pc=0x000001a2c2460118 sp=0x00000061fbafe880
Event: 3.408 Thread 0x000001a2d6823fa0 DEOPT UNPACKING pc=0x000001a2c1efa5a3 sp=0x00000061fbafe7b8 mode 2
Event: 7.580 Thread 0x000001a2d6823fa0 Uncommon trap: trap_request=0xffffffde fr.pc=0x000001a2c24b18ac relative=0x000000000000010c
Event: 7.580 Thread 0x000001a2d6823fa0 Uncommon trap: reason=class_check action=maybe_recompile pc=0x000001a2c24b18ac method=jdk.internal.misc.Unsafe.allocateUninitializedArray(Ljava/lang/Class;I)Ljava/lang/Object; @ 51 c2
Event: 7.580 Thread 0x000001a2d6823fa0 DEOPT PACKING pc=0x000001a2c24b18ac sp=0x00000061fbafd3f0
Event: 7.580 Thread 0x000001a2d6823fa0 DEOPT UNPACKING pc=0x000001a2c1efa5a3 sp=0x00000061fbafd378 mode 2
Event: 7.581 Thread 0x000001a2d6823fa0 Uncommon trap: trap_request=0xffffffde fr.pc=0x000001a2c24b18ac relative=0x000000000000010c
Event: 7.581 Thread 0x000001a2d6823fa0 Uncommon trap: reason=class_check action=maybe_recompile pc=0x000001a2c24b18ac method=jdk.internal.misc.Unsafe.allocateUninitializedArray(Ljava/lang/Class;I)Ljava/lang/Object; @ 51 c2
Event: 7.581 Thread 0x000001a2d6823fa0 DEOPT PACKING pc=0x000001a2c24b18ac sp=0x00000061fbafa150
Event: 7.581 Thread 0x000001a2d6823fa0 DEOPT UNPACKING pc=0x000001a2c1efa5a3 sp=0x00000061fbafa0d8 mode 2
Event: 7.581 Thread 0x000001a2d6823fa0 Uncommon trap: trap_request=0xffffffde fr.pc=0x000001a2c24b18ac relative=0x000000000000010c
Event: 7.581 Thread 0x000001a2d6823fa0 Uncommon trap: reason=class_check action=maybe_recompile pc=0x000001a2c24b18ac method=jdk.internal.misc.Unsafe.allocateUninitializedArray(Ljava/lang/Class;I)Ljava/lang/Object; @ 51 c2
Event: 7.581 Thread 0x000001a2d6823fa0 DEOPT PACKING pc=0x000001a2c24b18ac sp=0x00000061fbaf9b90
Event: 7.581 Thread 0x000001a2d6823fa0 DEOPT UNPACKING pc=0x000001a2c1efa5a3 sp=0x00000061fbaf9b18 mode 2
Event: 7.581 Thread 0x000001a2d6823fa0 Uncommon trap: trap_request=0xffffffde fr.pc=0x000001a2c24b18ac relative=0x000000000000010c
Event: 7.581 Thread 0x000001a2d6823fa0 Uncommon trap: reason=class_check action=maybe_recompile pc=0x000001a2c24b18ac method=jdk.internal.misc.Unsafe.allocateUninitializedArray(Ljava/lang/Class;I)Ljava/lang/Object; @ 51 c2
Event: 7.581 Thread 0x000001a2d6823fa0 DEOPT PACKING pc=0x000001a2c24b18ac sp=0x00000061fbaf9d20
Event: 7.581 Thread 0x000001a2d6823fa0 DEOPT UNPACKING pc=0x000001a2c1efa5a3 sp=0x00000061fbaf9ca8 mode 2
Event: 7.584 Thread 0x000001a2d6823fa0 DEOPT PACKING pc=0x000001a2babaaf01 sp=0x00000061fbafd510
Event: 7.584 Thread 0x000001a2d6823fa0 DEOPT UNPACKING pc=0x000001a2c1efb0e3 sp=0x00000061fbafca20 mode 0

Classes loaded (20 events):
Event: 3.407 Loading class java/lang/invoke/ConstantBootstraps
Event: 3.407 Loading class java/lang/invoke/ConstantBootstraps done
Event: 3.447 Loading class java/nio/channels/UnsupportedAddressTypeException
Event: 3.447 Loading class java/nio/channels/UnsupportedAddressTypeException done
Event: 3.452 Loading class java/nio/channels/spi/AbstractSelector$1
Event: 3.453 Loading class java/nio/channels/spi/AbstractSelector$1 done
Event: 3.458 Loading class java/io/PushbackInputStream
Event: 3.458 Loading class java/io/PushbackInputStream done
Event: 3.472 Loading class java/nio/charset/IllegalCharsetNameException
Event: 3.472 Loading class java/nio/charset/IllegalCharsetNameException done
Event: 3.472 Loading class java/nio/charset/UnsupportedCharsetException
Event: 3.472 Loading class java/nio/charset/UnsupportedCharsetException done
Event: 3.479 Loading class sun/nio/ch/IOVecWrapper
Event: 3.479 Loading class sun/nio/ch/IOVecWrapper done
Event: 3.479 Loading class sun/nio/ch/AllocatedNativeObject
Event: 3.480 Loading class sun/nio/ch/NativeObject
Event: 3.480 Loading class sun/nio/ch/NativeObject done
Event: 3.480 Loading class sun/nio/ch/AllocatedNativeObject done
Event: 3.480 Loading class sun/nio/ch/IOVecWrapper$Deallocator
Event: 3.480 Loading class sun/nio/ch/IOVecWrapper$Deallocator done

Classes unloaded (0 events):
No events

Classes redefined (0 events):
No events

Internal exceptions (20 events):
Event: 2.833 Thread 0x000001a2b704df10 Exception <a 'java/lang/NoSuchMethodError'{0x000000008aa10538}: 'java.lang.Object java.lang.invoke.DirectMethodHandle$Holder.invokeInterface(java.lang.Object, java.lang.Object, java.lang.Object, java.lang.Object)'> (0x000000008aa10538) 
thrown [s\src\hotspot\share\interpreter\linkResolver.cpp, line 774]
Event: 2.836 Thread 0x000001a2b704df10 Exception <a 'java/lang/NoSuchMethodError'{0x000000008aa1ce70}: 'void java.lang.invoke.DirectMethodHandle$Holder.invokeInterface(java.lang.Object, java.lang.Object, java.lang.Object)'> (0x000000008aa1ce70) 
thrown [s\src\hotspot\share\interpreter\linkResolver.cpp, line 774]
Event: 2.840 Thread 0x000001a2b704df10 Exception <a 'java/lang/NoSuchMethodError'{0x000000008aa30a58}: 'java.lang.Object java.lang.invoke.DirectMethodHandle$Holder.invokeInterface(java.lang.Object, java.lang.Object, java.lang.Object)'> (0x000000008aa30a58) 
thrown [s\src\hotspot\share\interpreter\linkResolver.cpp, line 774]
Event: 2.840 Thread 0x000001a2b704df10 Exception <a 'java/lang/IncompatibleClassChangeError'{0x000000008aa34138}: Found class java.lang.Object, but interface was expected> (0x000000008aa34138) 
thrown [s\src\hotspot\share\interpreter\linkResolver.cpp, line 841]
Event: 2.843 Thread 0x000001a2b704df10 Exception <a 'java/lang/NoSuchMethodError'{0x000000008aa3c8b8}: 'int java.lang.invoke.DirectMethodHandle$Holder.invokeSpecialIFC(java.lang.Object, java.lang.Object, java.lang.Object, java.lang.Object)'> (0x000000008aa3c8b8) 
thrown [s\src\hotspot\share\interpreter\linkResolver.cpp, line 774]
Event: 3.020 Thread 0x000001a2d6822fb0 Exception <a 'java/net/ConnectException'{0x000000008a98ccf0}: Connection refused: no further information> (0x000000008a98ccf0) 
thrown [s\src\hotspot\share\prims\jni.cpp, line 536]
Event: 3.076 Thread 0x000001a2b704df10 Exception <a 'java/lang/NoSuchMethodError'{0x000000008a9ba1b0}: 'int java.lang.invoke.DirectMethodHandle$Holder.invokeVirtual(java.lang.Object, java.lang.Object)'> (0x000000008a9ba1b0) 
thrown [s\src\hotspot\share\interpreter\linkResolver.cpp, line 774]
Event: 3.089 Thread 0x000001a2b704df10 Exception <a 'java/lang/NoSuchMethodError'{0x000000008b3034f8}: 'double java.lang.invoke.DirectMethodHandle$Holder.invokeVirtual(java.lang.Object, java.lang.Object)'> (0x000000008b3034f8) 
thrown [s\src\hotspot\share\interpreter\linkResolver.cpp, line 774]
Event: 3.091 Thread 0x000001a2b704df10 Exception <a 'java/lang/NoSuchMethodError'{0x000000008b309d88}: 'float java.lang.invoke.DirectMethodHandle$Holder.invokeVirtual(java.lang.Object, java.lang.Object)'> (0x000000008b309d88) 
thrown [s\src\hotspot\share\interpreter\linkResolver.cpp, line 774]
Event: 3.093 Thread 0x000001a2b704df10 Exception <a 'java/lang/NoSuchMethodError'{0x000000008b3130d8}: 'long java.lang.invoke.DirectMethodHandle$Holder.invokeVirtual(java.lang.Object, java.lang.Object)'> (0x000000008b3130d8) 
thrown [s\src\hotspot\share\interpreter\linkResolver.cpp, line 774]
Event: 3.101 Thread 0x000001a2b704df10 Exception <a 'java/lang/NoSuchMethodError'{0x000000008b3474f0}: 'void java.lang.invoke.DirectMethodHandle$Holder.invokeStatic(java.lang.Object, java.lang.Object, java.lang.Object)'> (0x000000008b3474f0) 
thrown [s\src\hotspot\share\interpreter\linkResolver.cpp, line 774]
Event: 3.102 Thread 0x000001a2b704df10 Exception <a 'java/lang/NoSuchMethodError'{0x000000008b34daf8}: 'java.lang.Object java.lang.invoke.DirectMethodHandle$Holder.invokeVirtual(java.lang.Object, java.lang.Object, java.lang.Object)'> (0x000000008b34daf8) 
thrown [s\src\hotspot\share\interpreter\linkResolver.cpp, line 774]
Event: 3.142 Thread 0x000001a2b704df10 Exception <a 'java/lang/NoSuchMethodError'{0x00000000854dd210}: 'void java.lang.invoke.DirectMethodHandle$Holder.invokeSpecial(java.lang.Object, java.lang.Object, java.lang.Object, java.lang.Object, java.lang.Object)'> (0x00000000854dd210) 
thrown [s\src\hotspot\share\interpreter\linkResolver.cpp, line 774]
Event: 3.144 Thread 0x000001a2b704df10 Exception <a 'java/lang/NoSuchMethodError'{0x00000000854e4070}: 'void java.lang.invoke.DirectMethodHandle$Holder.invokeStatic(java.lang.Object, java.lang.Object, int)'> (0x00000000854e4070) 
thrown [s\src\hotspot\share\interpreter\linkResolver.cpp, line 774]
Event: 3.167 Thread 0x000001a2b704df10 Exception <a 'java/lang/NoSuchMethodError'{0x00000000853816d8}: 'java.lang.Object java.lang.invoke.DirectMethodHandle$Holder.newInvokeSpecial(java.lang.Object, java.lang.Object, java.lang.Object, java.lang.Object, java.lang.Object)'> (0x00000000853816d8) 
thrown [s\src\hotspot\share\interpreter\linkResolver.cpp, line 774]
Event: 3.210 Thread 0x000001a2b704df10 Exception <a 'java/lang/NoSuchMethodError'{0x00000000852dea28}: 'int java.lang.invoke.DirectMethodHandle$Holder.invokeSpecialIFC(java.lang.Object, java.lang.Object, java.lang.Object)'> (0x00000000852dea28) 
thrown [s\src\hotspot\share\interpreter\linkResolver.cpp, line 774]
Event: 3.231 Thread 0x000001a2b704df10 Exception <a 'java/lang/NoSuchMethodError'{0x0000000085173478}: 'java.lang.Object java.lang.invoke.Invokers$Holder.invokeExact_MT(java.lang.Object, java.lang.Object, java.lang.Object, java.lang.Object, java.lang.Object, java.lang.Object)'> (0x0000000085173478) 
thrown [s\src\hotspot\share\interpreter\linkResolver.cpp, line 774]
Event: 3.252 Thread 0x000001a2b704df10 Exception <a 'java/lang/NoSuchMethodError'{0x00000000850123a0}: 'void java.lang.invoke.DirectMethodHandle$Holder.invokeStatic(java.lang.Object, java.lang.Object, java.lang.Object, java.lang.Object)'> (0x00000000850123a0) 
thrown [s\src\hotspot\share\interpreter\linkResolver.cpp, line 774]
Event: 3.328 Thread 0x000001a2b704df10 Exception <a 'java/lang/NoSuchMethodError'{0x0000000084e0b270}: 'long java.lang.invoke.DirectMethodHandle$Holder.invokeInterface(java.lang.Object, java.lang.Object)'> (0x0000000084e0b270) 
thrown [s\src\hotspot\share\interpreter\linkResolver.cpp, line 774]
Event: 3.329 Thread 0x000001a2b704df10 Exception <a 'java/lang/NoSuchMethodError'{0x0000000084e101a8}: 'long java.lang.invoke.DelegatingMethodHandle$Holder.reinvoke_L(java.lang.Object, java.lang.Object)'> (0x0000000084e101a8) 
thrown [s\src\hotspot\share\interpreter\linkResolver.cpp, line 774]

VM Operations (20 events):
Event: 2.192 Executing VM operation: HandshakeAllThreads
Event: 2.192 Executing VM operation: HandshakeAllThreads done
Event: 2.250 Executing VM operation: HandshakeAllThreads
Event: 2.250 Executing VM operation: HandshakeAllThreads done
Event: 2.365 Executing VM operation: G1CollectForAllocation
Event: 2.374 Executing VM operation: G1CollectForAllocation done
Event: 2.862 Executing VM operation: HandshakeAllThreads
Event: 2.862 Executing VM operation: HandshakeAllThreads done
Event: 3.043 Executing VM operation: HandshakeAllThreads
Event: 3.043 Executing VM operation: HandshakeAllThreads done
Event: 3.047 Executing VM operation: HandshakeAllThreads
Event: 3.047 Executing VM operation: HandshakeAllThreads done
Event: 3.077 Executing VM operation: CollectForMetadataAllocation
Event: 3.088 Executing VM operation: CollectForMetadataAllocation done
Event: 3.095 Executing VM operation: G1PauseRemark
Event: 3.096 Executing VM operation: G1PauseRemark done
Event: 3.099 Executing VM operation: G1PauseCleanup
Event: 3.100 Executing VM operation: G1PauseCleanup done
Event: 4.112 Executing VM operation: Cleanup
Event: 4.113 Executing VM operation: Cleanup done

Events (20 events):
Event: 0.094 Thread 0x000001a2d5483400 Thread added: 0x000001a2d5483400
Event: 0.094 Thread 0x000001a2d545b7f0 Thread added: 0x000001a2d545b7f0
Event: 0.094 Thread 0x000001a2d548ec00 Thread added: 0x000001a2d548ec00
Event: 0.094 Thread 0x000001a2d54933f0 Thread added: 0x000001a2d54933f0
Event: 0.165 Thread 0x000001a2d5607180 Thread added: 0x000001a2d5607180
Event: 0.178 Thread 0x000001a2d5620010 Thread added: 0x000001a2d5620010
Event: 0.287 Thread 0x000001a2d548f190 Thread added: 0x000001a2d548f190
Event: 0.942 Thread 0x000001a2d548f190 Thread exited: 0x000001a2d548f190
Event: 1.828 Thread 0x000001a2d5db5260 Thread added: 0x000001a2d5db5260
Event: 2.103 Thread 0x000001a2d5db4850 Thread added: 0x000001a2d5db4850
Event: 2.358 Thread 0x000001a2d548e0e0 Thread added: 0x000001a2d548e0e0
Event: 2.604 Thread 0x000001a2d548e0e0 Thread exited: 0x000001a2d548e0e0
Event: 2.860 Thread 0x000001a2d67fee00 Thread added: 0x000001a2d67fee00
Event: 2.883 Thread 0x000001a2d66db4a0 Thread added: 0x000001a2d66db4a0
Event: 2.883 Thread 0x000001a2d67c7020 Thread added: 0x000001a2d67c7020
Event: 2.927 Thread 0x000001a2d68204a0 Thread added: 0x000001a2d68204a0
Event: 2.928 Thread 0x000001a2d681b670 Thread added: 0x000001a2d681b670
Event: 2.933 Thread 0x000001a2d6822fb0 Thread added: 0x000001a2d6822fb0
Event: 3.046 Thread 0x000001a2d6822a60 Thread added: 0x000001a2d6822a60
Event: 3.405 Thread 0x000001a2d6823fa0 Thread added: 0x000001a2d6823fa0


Dynamic libraries:
0x00007ff768800000 - 0x00007ff76880e000 	C:\Users\Ruchika\.p2\pool\plugins\org.eclipse.justj.openjdk.hotspot.jre.full.win32.x86_64_19.0.2.v20230129-1123\jre\bin\javaw.exe
0x00007ffac0100000 - 0x00007ffac0309000 	C:\WINDOWS\SYSTEM32\ntdll.dll
0x00007ffa7cad0000 - 0x00007ffa7cae9000 	C:\Program Files\Avast Software\Avast\aswhook.dll
0x00007ffabf380000 - 0x00007ffabf43e000 	C:\WINDOWS\System32\KERNEL32.DLL
0x00007ffabd790000 - 0x00007ffabdb0b000 	C:\WINDOWS\System32\KERNELBASE.dll
0x00007ffabd670000 - 0x00007ffabd781000 	C:\WINDOWS\System32\ucrtbase.dll
0x00007ffaa62f0000 - 0x00007ffaa6307000 	C:\Users\Ruchika\.p2\pool\plugins\org.eclipse.justj.openjdk.hotspot.jre.full.win32.x86_64_19.0.2.v20230129-1123\jre\bin\jli.dll
0x00007ffabf960000 - 0x00007ffabfb0d000 	C:\WINDOWS\System32\USER32.dll
0x00007ffabd5d0000 - 0x00007ffabd5f6000 	C:\WINDOWS\System32\win32u.dll
0x00007ffabf350000 - 0x00007ffabf379000 	C:\WINDOWS\System32\GDI32.dll
0x00007ffabde60000 - 0x00007ffabdf78000 	C:\WINDOWS\System32\gdi32full.dll
0x00007ffaa60e0000 - 0x00007ffaa60f9000 	C:\Users\Ruchika\.p2\pool\plugins\org.eclipse.justj.openjdk.hotspot.jre.full.win32.x86_64_19.0.2.v20230129-1123\jre\bin\VCRUNTIME140.dll
0x00007ffabdb10000 - 0x00007ffabdbad000 	C:\WINDOWS\System32\msvcp_win.dll
0x00007ffa9ea10000 - 0x00007ffa9ecb5000 	C:\WINDOWS\WinSxS\amd64_microsoft.windows.common-controls_6595b64144ccf1df_6.0.22000.120_none_9d947278b86cc467\COMCTL32.dll
0x00007ffabee50000 - 0x00007ffabeef3000 	C:\WINDOWS\System32\msvcrt.dll
0x00007ffabf7c0000 - 0x00007ffabf7f2000 	C:\WINDOWS\System32\IMM32.DLL
0x00007ffab5570000 - 0x00007ffab557c000 	C:\Users\Ruchika\.p2\pool\plugins\org.eclipse.justj.openjdk.hotspot.jre.full.win32.x86_64_19.0.2.v20230129-1123\jre\bin\vcruntime140_1.dll
0x00007ffa96bb0000 - 0x00007ffa96c41000 	C:\Users\Ruchika\.p2\pool\plugins\org.eclipse.justj.openjdk.hotspot.jre.full.win32.x86_64_19.0.2.v20230129-1123\jre\bin\msvcp140.dll
0x00007ffa584e0000 - 0x00007ffa591d1000 	C:\Users\Ruchika\.p2\pool\plugins\org.eclipse.justj.openjdk.hotspot.jre.full.win32.x86_64_19.0.2.v20230129-1123\jre\bin\server\jvm.dll
0x00007ffabfb20000 - 0x00007ffabfbce000 	C:\WINDOWS\System32\ADVAPI32.dll
0x00007ffabf150000 - 0x00007ffabf1ee000 	C:\WINDOWS\System32\sechost.dll
0x00007ffabfbd0000 - 0x00007ffabfcf0000 	C:\WINDOWS\System32\RPCRT4.dll
0x00007ffab4d10000 - 0x00007ffab4d43000 	C:\WINDOWS\SYSTEM32\WINMM.dll
0x00007ffaa6e30000 - 0x00007ffaa6e39000 	C:\WINDOWS\SYSTEM32\WSOCK32.dll
0x00007ffab2890000 - 0x00007ffab289a000 	C:\WINDOWS\SYSTEM32\VERSION.dll
0x00007ffabe880000 - 0x00007ffabe8ef000 	C:\WINDOWS\System32\WS2_32.dll
0x00007ffabc740000 - 0x00007ffabc758000 	C:\WINDOWS\SYSTEM32\kernel.appcore.dll
0x00007ffab5960000 - 0x00007ffab596a000 	C:\Users\Ruchika\.p2\pool\plugins\org.eclipse.justj.openjdk.hotspot.jre.full.win32.x86_64_19.0.2.v20230129-1123\jre\bin\jimage.dll
0x00007ffabb230000 - 0x00007ffabb451000 	C:\WINDOWS\SYSTEM32\DBGHELP.DLL
0x00007ffaa6df0000 - 0x00007ffaa6e21000 	C:\WINDOWS\SYSTEM32\dbgcore.DLL
0x00007ffabdbb0000 - 0x00007ffabdc2f000 	C:\WINDOWS\System32\bcryptPrimitives.dll
0x00007ffaa5700000 - 0x00007ffaa5726000 	C:\Users\Ruchika\.p2\pool\plugins\org.eclipse.justj.openjdk.hotspot.jre.full.win32.x86_64_19.0.2.v20230129-1123\jre\bin\java.dll
0x00007ffaa56e0000 - 0x00007ffaa56f8000 	C:\Users\Ruchika\.p2\pool\plugins\org.eclipse.justj.openjdk.hotspot.jre.full.win32.x86_64_19.0.2.v20230129-1123\jre\bin\zip.dll
0x00007ffabe0a0000 - 0x00007ffabe857000 	C:\WINDOWS\System32\SHELL32.dll
0x00007ffabb6c0000 - 0x00007ffabbf25000 	C:\WINDOWS\SYSTEM32\windows.storage.dll
0x00007ffabf440000 - 0x00007ffabf7b8000 	C:\WINDOWS\System32\combase.dll
0x00007ffabb550000 - 0x00007ffabb6b6000 	C:\WINDOWS\SYSTEM32\wintypes.dll
0x00007ffabf870000 - 0x00007ffabf95a000 	C:\WINDOWS\System32\SHCORE.dll
0x00007ffabef00000 - 0x00007ffabef5d000 	C:\WINDOWS\System32\shlwapi.dll
0x00007ffabd500000 - 0x00007ffabd521000 	C:\WINDOWS\SYSTEM32\profapi.dll
0x00007ffaa3bb0000 - 0x00007ffaa3bc3000 	C:\Users\Ruchika\.p2\pool\plugins\org.eclipse.justj.openjdk.hotspot.jre.full.win32.x86_64_19.0.2.v20230129-1123\jre\bin\net.dll
0x00007ffab2ca0000 - 0x00007ffab2db4000 	C:\WINDOWS\SYSTEM32\WINHTTP.dll
0x00007ffabcbe0000 - 0x00007ffabcc47000 	C:\WINDOWS\system32\mswsock.dll
0x00007ffaa3b90000 - 0x00007ffaa3ba6000 	C:\Users\Ruchika\.p2\pool\plugins\org.eclipse.justj.openjdk.hotspot.jre.full.win32.x86_64_19.0.2.v20230129-1123\jre\bin\nio.dll
0x00007ffa91310000 - 0x00007ffa91318000 	C:\Users\Ruchika\.p2\pool\plugins\org.eclipse.justj.openjdk.hotspot.jre.full.win32.x86_64_19.0.2.v20230129-1123\jre\bin\extnet.dll
0x00007ffabc260000 - 0x00007ffabc348000 	C:\WINDOWS\SYSTEM32\DNSAPI.dll
0x00007ffabc1f0000 - 0x00007ffabc21d000 	C:\WINDOWS\SYSTEM32\IPHLPAPI.DLL
0x00007ffabfdb0000 - 0x00007ffabfdb9000 	C:\WINDOWS\System32\NSI.dll
0x00007ffaa6e40000 - 0x00007ffaa6e4a000 	C:\Windows\System32\rasadhlp.dll
0x00007ffab0a50000 - 0x00007ffab0ad1000 	C:\WINDOWS\System32\fwpuclnt.dll
0x00007ffabce20000 - 0x00007ffabce38000 	C:\WINDOWS\SYSTEM32\CRYPTSP.dll
0x00007ffabc6a0000 - 0x00007ffabc6d5000 	C:\WINDOWS\system32\rsaenh.dll
0x00007ffabccd0000 - 0x00007ffabccf9000 	C:\WINDOWS\SYSTEM32\USERENV.dll
0x00007ffabcfb0000 - 0x00007ffabcfd7000 	C:\WINDOWS\SYSTEM32\bcrypt.dll
0x00007ffabce40000 - 0x00007ffabce4c000 	C:\WINDOWS\SYSTEM32\CRYPTBASE.dll
0x00007ffab2980000 - 0x00007ffab2999000 	C:\WINDOWS\SYSTEM32\dhcpcsvc6.DLL
0x00007ffab33b0000 - 0x00007ffab33ce000 	C:\WINDOWS\SYSTEM32\dhcpcsvc.DLL
0x00007ffaba750000 - 0x00007ffaba7e2000 	C:\WINDOWS\system32\apphelp.dll
0x00007ffab56e0000 - 0x00007ffab56e9000 	C:\Users\Ruchika\.p2\pool\plugins\org.eclipse.justj.openjdk.hotspot.jre.full.win32.x86_64_19.0.2.v20230129-1123\jre\bin\management.dll
0x00007ffab56d0000 - 0x00007ffab56db000 	C:\Users\Ruchika\.p2\pool\plugins\org.eclipse.justj.openjdk.hotspot.jre.full.win32.x86_64_19.0.2.v20230129-1123\jre\bin\management_ext.dll
0x00007ffabf140000 - 0x00007ffabf148000 	C:\WINDOWS\System32\PSAPI.DLL
0x00007ffa91460000 - 0x00007ffa9146e000 	C:\Users\Ruchika\.p2\pool\plugins\org.eclipse.justj.openjdk.hotspot.jre.full.win32.x86_64_19.0.2.v20230129-1123\jre\bin\sunmscapi.dll
0x00007ffabdcf0000 - 0x00007ffabde52000 	C:\WINDOWS\System32\CRYPT32.dll
0x00007ffabcf80000 - 0x00007ffabcfa8000 	C:\WINDOWS\SYSTEM32\ncrypt.dll
0x00007ffabcf40000 - 0x00007ffabcf77000 	C:\WINDOWS\SYSTEM32\NTASN1.dll
0x00007ffaa6a10000 - 0x00007ffaa6a18000 	C:\WINDOWS\system32\wshunix.dll
0x00007ffaa1610000 - 0x00007ffaa1620000 	C:\Users\Ruchika\.p2\pool\plugins\org.eclipse.justj.openjdk.hotspot.jre.full.win32.x86_64_19.0.2.v20230129-1123\jre\bin\verify.dll

dbghelp: loaded successfully - version: 4.0.5 - missing functions: none
symbol engine: initialized successfully - sym options: 0x614 - pdb path: .;C:\Users\Ruchika\.p2\pool\plugins\org.eclipse.justj.openjdk.hotspot.jre.full.win32.x86_64_19.0.2.v20230129-1123\jre\bin;C:\WINDOWS\SYSTEM32;C:\Program Files\Avast Software\Avast;C:\WINDOWS\WinSxS\amd64_microsoft.windows.common-controls_6595b64144ccf1df_6.0.22000.120_none_9d947278b86cc467;C:\Users\Ruchika\.p2\pool\plugins\org.eclipse.justj.openjdk.hotspot.jre.full.win32.x86_64_19.0.2.v20230129-1123\jre\bin\server

VM Arguments:
jvm_args: -Dfile.encoding=UTF-8 -XX:+ShowCodeDetailsInExceptionMessages 
java_command: locator.Luminox_register
java_class_path (initial): D:\Selenium\Workspace\selenium\bin;C:\selenium jar\selenium-java-4.8.1\lib\async-http-client-2.12.3.jar;C:\selenium jar\selenium-java-4.8.1\lib\async-http-client-netty-utils-2.12.3.jar;C:\selenium jar\selenium-java-4.8.1\lib\auto-common-1.2.1.jar;C:\selenium jar\selenium-java-4.8.1\lib\auto-service-1.0.1.jar;C:\selenium jar\selenium-java-4.8.1\lib\auto-service-annotations-1.0.1.jar;C:\selenium jar\selenium-java-4.8.1\lib\byte-buddy-1.12.22.jar;C:\selenium jar\selenium-java-4.8.1\lib\checker-qual-3.12.0.jar;C:\selenium jar\selenium-java-4.8.1\lib\commons-exec-1.3.jar;C:\selenium jar\selenium-java-4.8.1\lib\error_prone_annotations-2.11.0.jar;C:\selenium jar\selenium-java-4.8.1\lib\failsafe-3.3.0.jar;C:\selenium jar\selenium-java-4.8.1\lib\failureaccess-1.0.1.jar;C:\selenium jar\selenium-java-4.8.1\lib\guava-31.1-jre.jar;C:\selenium jar\selenium-java-4.8.1\lib\j2objc-annotations-1.3.jar;C:\selenium jar\selenium-java-4.8.1\lib\jakarta.activation-1.2.2.jar;C:\selenium jar\selenium-java-4.8.1\lib\jcommander-1.82.jar;C:\selenium jar\selenium-java-4.8.1\lib\jsr305-3.0.2.jar;C:\selenium jar\selenium-java-4.8.1\lib\jtoml-2.0.0.jar;C:\selenium jar\selenium-java-4.8.1\lib\listenablefuture-9999.0-empty-to-avoid-conflict-with-guava.jar;C:\selenium jar\selenium-java-4.8.1\lib\netty-buffer-4.1.87.Final.jar;C:\selenium jar\selenium-java-4.8.1\lib\netty-codec-4.1.87.Final.jar;C:\selenium jar\selenium-java-4.8.1\lib\netty-codec-http-4.1.87.Final.jar;C:\selenium jar\selenium-java-4.8.1\lib\netty-codec-socks-4.1.87.Final.jar;C:\selenium jar\selenium-java-4.8.1\lib\netty-common-4.1.87.Final.jar;C:\selenium jar\selenium-java-4.8.1\lib\netty-handler-4.1.87.Final.jar;C:\selenium jar\selenium-java-4.8.1\lib\netty-handler-proxy-4.1.87.Final.jar;C:\selenium jar\selenium-java-4.8.1\lib\netty-reactive-streams-2.0.4.jar;C:\selenium jar\selenium-java-4.8.1\lib\netty-resolver-4.1.87.Final.jar;C:\selenium jar\selenium-java-4.8.1\lib\netty-transport-4.1.87.Final.jar;C:\selenium jar\selenium-java-4.8.1\lib\netty-transport-classes-epoll-4.1.87.Final.jar;C:\selenium jar\selenium-java-4.8.1\lib\netty-transport-classes-kqueue-4.1.87.Final.jar;C:\selenium jar\selenium-java-4.8.1\lib\netty-transport-native-epoll-4.1.87.Final.jar;C:\selenium jar\selenium-java-4.8.1\lib\netty-transport-native-kqueue-4.1.87.Final.jar;C:\selenium jar\selenium-java-4.8.1\lib\netty-transport-native-unix-common-4.1.87.Final.jar;C:\selenium jar\selenium-java-4.8.1\lib\opentelemetry-api-1.22.0.jar;C:\selenium jar\selenium-java-4.8.1\lib\opentelemetry-api-logs-1.22.0-alpha.jar;C:\selenium jar\selenium-java-4.8.1\lib\opentelemetry-context-1.22.0.jar;C:\selenium jar\selenium-java-4.8.1\lib\opentelemetry-exporter-logging-1.22.0.jar;C:\selenium jar\selenium-java-4.8.1\lib\opentelemetry-sdk-1.22.0.jar;C:\selenium jar\selenium-java-4.8.1\lib\opentelemetry-sdk-common-1.22.0.jar;C:\selenium jar\selenium-java-4.8.1\lib\opentelemetry-sdk-extension-autoconfigure-1.22.0-alpha.jar;C:\selenium jar\selenium-java-4.8.1\lib\opentelemetry-sdk-extension-autoconfigure-spi-1.22.0.jar;C:\selenium jar\selenium-java-4.8.1\lib\opentelemetry-sdk-logs-1.22.0-alpha.jar;C:\selenium jar\selenium-java-4.8.1\lib\opentelemetry-sdk-metrics-1.22.0.jar;C:\selenium jar\selenium-java-4.8.1\lib\opentelemetry-sdk-trace-1.22.0.jar;C:\selenium jar\selenium-java-4.8.1\lib\opentelemetry-semconv-1.22.0-alpha.jar;C:\selenium jar\selenium-java-4.8.1\lib\reactive-streams-1.0.4.jar;C:\selenium jar\selenium-java-4.8.1\lib\slf4j-api-2.0.6.jar;C:\selenium jar\selenium-java-4.8.1\selenium-api-4.8.1.jar;C:\selenium jar\selenium-java-4.8.1\selenium-api-4.8.1-sources.jar;C:\selenium jar\selenium-java-4.8.1\selenium-chrome-driver-4.8.1.jar;C:\selenium jar\selenium-java-4.8.1\selenium-chrome-driver-4.8.1-sources.jar;C:\selenium jar\selenium-java-4.8.1\selenium-chromium-driver-4.8.1.jar;C:\selenium jar\selenium-java-4.8.1\selenium-chromium-driver-4.8.1-sources.jar;C:\selenium jar\selenium-java-4.8.1\selenium-devtools-v85-4.8.1.jar;C:\selenium jar\selenium-java-4.8.1\selenium-devtools-v85-4.8.1-sources.jar;C:\selenium jar\selenium-java-4.8.1\selenium-devtools-v108-4.8.1.jar;C:\selenium jar\selenium-java-4.8.1\selenium-devtools-v108-4.8.1-sources.jar;C:\selenium jar\selenium-java-4.8.1\selenium-devtools-v109-4.8.1.jar;C:\selenium jar\selenium-java-4.8.1\selenium-devtools-v109-4.8.1-sources.jar;C:\selenium jar\selenium-java-4.8.1\selenium-devtools-v110-4.8.1.jar;C:\selenium jar\selenium-java-4.8.1\selenium-devtools-v110-4.8.1-sources.jar;C:\selenium jar\selenium-java-4.8.1\selenium-edge-driver-4.8.1.jar;C:\selenium jar\selenium-java-4.8.1\selenium-edge-driver-4.8.1-sources.jar;C:\selenium jar\selenium-java-4.8.1\selenium-firefox-driver-4.8.1.jar;C:\selenium jar\selenium-java-4.8.1\selenium-firefox-driver-4.8.1-sources.jar;C:\selenium jar\selenium-java-4.8.1\selenium-http-4.8.1.jar;C:\selenium jar\selenium-java-4.8.1\selenium-http-4.8.1-sources.jar;C:\selenium jar\selenium-java-4.8.1\selenium-ie-driver-4.8.1.jar;C:\selenium jar\selenium-java-4.8.1\selenium-ie-driver-4.8.1-sources.jar;C:\selenium jar\selenium-java-4.8.1\selenium-java-4.8.1.jar;C:\selenium jar\selenium-java-4.8.1\selenium-java-4.8.1-sources.jar;C:\selenium jar\selenium-java-4.8.1\selenium-json-4.8.1.jar;C:\selenium jar\selenium-java-4.8.1\selenium-json-4.8.1-sources.jar;C:\selenium jar\selenium-java-4.8.1\selenium-manager-4.8.1.jar;C:\selenium jar\selenium-java-4.8.1\selenium-manager-4.8.1-sources.jar;C:\selenium jar\selenium-java-4.8.1\selenium-remote-driver-4.8.1.jar;C:\selenium jar\selenium-java-4.8.1\selenium-remote-driver-4.8.1-sources.jar;C:\selenium jar\selenium-java-4.8.1\selenium-safari-driver-4.8.1.jar;C:\selenium jar\selenium-java-4.8.1\selenium-safari-driver-4.8.1-sources.jar;C:\selenium jar\selenium-java-4.8.1\selenium-support-4.8.1.jar;C:\selenium jar\selenium-java-4.8.1\selenium-support-4.8.1-sources.jar
Launcher Type: SUN_STANDARD

[Global flags]
     intx CICompilerCount                          = 4                                         {product} {ergonomic}
     uint ConcGCThreads                            = 2                                         {product} {ergonomic}
     uint G1ConcRefinementThreads                  = 8                                         {product} {ergonomic}
   size_t G1HeapRegionSize                         = 1048576                                   {product} {ergonomic}
    uintx GCDrainStackTargetSize                   = 64                                        {product} {ergonomic}
   size_t InitialHeapSize                          = 132120576                                 {product} {ergonomic}
   size_t MarkStackSize                            = 4194304                                   {product} {ergonomic}
   size_t MaxHeapSize                              = 2090860544                                {product} {ergonomic}
   size_t MaxNewSize                               = 1254096896                                {product} {ergonomic}
   size_t MinHeapDeltaBytes                        = 1048576                                   {product} {ergonomic}
   size_t MinHeapSize                              = 8388608                                   {product} {ergonomic}
    uintx NonNMethodCodeHeapSize                   = 5839372                                {pd product} {ergonomic}
    uintx NonProfiledCodeHeapSize                  = 122909434                              {pd product} {ergonomic}
    uintx ProfiledCodeHeapSize                     = 122909434                              {pd product} {ergonomic}
    uintx ReservedCodeCacheSize                    = 251658240                              {pd product} {ergonomic}
     bool SegmentedCodeCache                       = true                                      {product} {ergonomic}
     bool ShowCodeDetailsInExceptionMessages       = true                                   {manageable} {command line}
   size_t SoftMaxHeapSize                          = 2090860544                             {manageable} {ergonomic}
     bool UseCompressedClassPointers               = true                           {product lp64_product} {ergonomic}
     bool UseCompressedOops                        = true                           {product lp64_product} {ergonomic}
     bool UseG1GC                                  = true                                      {product} {ergonomic}
     bool UseLargePagesIndividualAllocation        = false                                  {pd product} {ergonomic}

Logging:
Log output configuration:
 #0: stdout all=warning uptime,level,tags foldmultilines=false
 #1: stderr all=off uptime,level,tags foldmultilines=false

Environment Variables:
JAVA_HOME=C:\Program Files\Java\jdk-14.0.2
PATH=C:/Users/Ruchika/.p2/pool/plugins/org.eclipse.justj.openjdk.hotspot.jre.full.win32.x86_64_19.0.2.v20230129-1123/jre/bin/server;C:/Users/Ruchika/.p2/pool/plugins/org.eclipse.justj.openjdk.hotspot.jre.full.win32.x86_64_19.0.2.v20230129-1123/jre/bin;C:\windows\system32;C:\windows;C:\windows\System32\Wbem;C:\windows\System32\WindowsPowerShell\v1.0\;C:\windows\System32\OpenSSH\;C:\Program Files (x86)\NVIDIA Corporation\PhysX\Common;C:\Program Files\NVIDIA Corporation\NVIDIA NvDLISR;C:\Program Files\Java\jdk-14.0.2\bin;;C:\WINDOWS\system32;C:\WINDOWS;C:\WINDOWS\System32\Wbem;C:\WINDOWS\System32\WindowsPowerShell\v1.0\;C:\WINDOWS\System32\OpenSSH\;C:\Android;C:\Windows\System32;C:\Program Files (x86)\nodejs\;C:\Program Files\dotnet\;C:\Users\Ruchika\anaconda3;C:\Users\Ruchika\anaconda3\Library\mingw-w64\bin;C:\Users\Ruchika\anaconda3\Library\usr\bin;C:\Users\Ruchika\anaconda3\Library\bin;C:\Users\Ruchika\anaconda3\Scripts;C:\Users\Ruchika\AppData\Local\Programs\Python\Python38-32\Scripts\;C:\Users\Ruchika\AppData\Local\Programs\Python\Python38-32\;C:\Users\Ruchika\AppData\Local\Microsoft\WindowsApps;C:\Users\Ruchika\AppData\Local\Programs\Microsoft VS Code\bin;C:\Program Files\CodeBlocks\MinGW\bin;C:\Users\Ruchika\AppData\Roaming\npm;C:\Program Files\JetBrains\IntelliJ IDEA Community Edition 2021.3.2\bin;;C:\Users\Ruchika\OneDrive\Desktop;
USERNAME=Ruchika
OS=Windows_NT
PROCESSOR_IDENTIFIER=Intel64 Family 6 Model 126 Stepping 5, GenuineIntel
TMP=C:\Users\Ruchika\AppData\Local\Temp
TEMP=C:\Users\Ruchika\AppData\Local\Temp



---------------  S Y S T E M  ---------------

OS:
 Windows 11 , 64 bit Build 22000 (10.0.22000.1335)
OS uptime: 6 days 17:12 hours

CPU: total 8 (initial active 8) (4 cores per cpu, 2 threads per core) family 6 model 126 stepping 5 microcode 0xa0, cx8, cmov, fxsr, ht, mmx, 3dnowpref, sse, sse2, sse3, ssse3, sse4.1, sse4.2, popcnt, lzcnt, tsc, tscinvbit, avx, avx2, aes, erms, clmul, bmi1, bmi2, adx, avx512f, avx512dq, avx512cd, avx512bw, avx512vl, sha, fma, vzeroupper, avx512_vpopcntdq, avx512_vpclmulqdq, avx512_vaes, avx512_vnni, clflush, clflushopt, avx512_vbmi2, avx512_vbmi, rdtscp, rdpid, fsrm, gfni, avx512_bitalg

Memory: 4k page, system-wide physical 7969M (783M free)
TotalPageFile size 10017M (AvailPageFile size 12M)
current process WorkingSet (physical memory assigned to process): 101M, peak: 105M
current process commit charge ("private bytes"): 144M, peak: 235M

vm_info: OpenJDK 64-Bit Server VM (19.0.2+7) for windows-amd64 JRE (19.0.2+7), built on 2023-01-17T00:00:00Z by "temurin" with MS VC++ 16.7 (VS2019)

END.
